<?xml version="1.0" encoding="UTF-8"?>
<!-- Generated by org.testng.reporters.JUnitReportReporter -->
<testsuite skipped="0" hostname="Deepti-PC" name="com.practice.LoginTest" tests="1" failures="0" timestamp="13 Jan 2021 09:00:22 GMT" time="11.600" errors="0">
  <testcase name="loginPageTitleTest" time="11.600" classname="com.practice.LoginTest"/>
</testsuite> <!-- com.practice.LoginTest -->
