<?xml version="1.0" encoding="UTF-8"?>
<!-- Generated by org.testng.reporters.JUnitReportReporter -->
<testsuite skipped="0" hostname="Deepti-PC" name="com.practice.FreeCRMTest" tests="1" failures="0" timestamp="21 Oct 2020 07:29:10 GMT" time="15.910" errors="0">
  <testcase name="loginPageTitleTest" time="15.910" classname="com.practice.FreeCRMTest"/>
</testsuite> <!-- com.practice.FreeCRMTest -->
